<?xml version="1.0" encoding="UTF-8"?>
<testsuite xmlns:xsi="http://www.w3.org/2001/XMLSchema-instance" xsi:noNamespaceSchemaLocation="https://maven.apache.org/surefire/maven-surefire-plugin/xsd/surefire-test-report.xsd" name="com.daihao.mall.product.MallProductApplicationTests" time="14.304" tests="1" errors="0" skipped="0" failures="0">
  <properties>
    <property name="sun.desktop" value="windows"/>
    <property name="awt.toolkit" value="sun.awt.windows.WToolkit"/>
    <property name="file.encoding.pkg" value="sun.io"/>
    <property name="java.specification.version" value="1.8"/>
    <property name="sun.cpu.isalist" value="amd64"/>
    <property name="sun.jnu.encoding" value="GBK"/>
    <property name="java.class.path" value="D:\IDEWork\MyMall\mall-product\target\test-classes;D:\IDEWork\MyMall\mall-product\target\classes;A:\Apache\apache-maven-3.5.4-bin\repository\com\daihao\mall\mall-common\0.0.1-SNAPSHOT\mall-common-0.0.1-SNAPSHOT.jar;A:\Apache\apache-maven-3.5.4-bin\repository\com\baomidou\mybatis-plus-boot-starter\3.2.0\mybatis-plus-boot-starter-3.2.0.jar;A:\Apache\apache-maven-3.5.4-bin\repository\com\baomidou\mybatis-plus\3.2.0\mybatis-plus-3.2.0.jar;A:\Apache\apache-maven-3.5.4-bin\repository\com\baomidou\mybatis-plus-extension\3.2.0\mybatis-plus-extension-3.2.0.jar;A:\Apache\apache-maven-3.5.4-bin\repository\com\baomidou\mybatis-plus-core\3.2.0\mybatis-plus-core-3.2.0.jar;A:\Apache\apache-maven-3.5.4-bin\repository\com\baomidou\mybatis-plus-annotation\3.2.0\mybatis-plus-annotation-3.2.0.jar;A:\Apache\apache-maven-3.5.4-bin\repository\com\github\jsqlparser\jsqlparser\2.1\jsqlparser-2.1.jar;A:\Apache\apache-maven-3.5.4-bin\repository\org\mybatis\mybatis\3.5.2\mybatis-3.5.2.jar;A:\Apache\apache-maven-3.5.4-bin\repository\org\mybatis\mybatis-spring\2.0.2\mybatis-spring-2.0.2.jar;A:\Apache\apache-maven-3.5.4-bin\repository\org\springframework\boot\spring-boot-autoconfigure\2.2.6.RELEASE\spring-boot-autoconfigure-2.2.6.RELEASE.jar;A:\Apache\apache-maven-3.5.4-bin\repository\org\springframework\boot\spring-boot-starter-jdbc\2.2.6.RELEASE\spring-boot-starter-jdbc-2.2.6.RELEASE.jar;A:\Apache\apache-maven-3.5.4-bin\repository\com\zaxxer\HikariCP\3.4.2\HikariCP-3.4.2.jar;A:\Apache\apache-maven-3.5.4-bin\repository\org\springframework\spring-jdbc\5.2.5.RELEASE\spring-jdbc-5.2.5.RELEASE.jar;A:\Apache\apache-maven-3.5.4-bin\repository\org\springframework\spring-tx\5.2.5.RELEASE\spring-tx-5.2.5.RELEASE.jar;A:\Apache\apache-maven-3.5.4-bin\repository\org\projectlombok\lombok\1.18.12\lombok-1.18.12.jar;A:\Apache\apache-maven-3.5.4-bin\repository\org\apache\httpcomponents\httpcore\4.4.13\httpcore-4.4.13.jar;A:\Apache\apache-maven-3.5.4-bin\repository\commons-lang\commons-lang\2.6\commons-lang-2.6.jar;A:\Apache\apache-maven-3.5.4-bin\repository\mysql\mysql-connector-java\8.0.19\mysql-connector-java-8.0.19.jar;A:\Apache\apache-maven-3.5.4-bin\repository\com\alibaba\cloud\spring-cloud-starter-alibaba-nacos-discovery\2.1.0.RELEASE\spring-cloud-starter-alibaba-nacos-discovery-2.1.0.RELEASE.jar;A:\Apache\apache-maven-3.5.4-bin\repository\com\alibaba\cloud\spring-cloud-alibaba-nacos-discovery\2.1.0.RELEASE\spring-cloud-alibaba-nacos-discovery-2.1.0.RELEASE.jar;A:\Apache\apache-maven-3.5.4-bin\repository\com\alibaba\nacos\nacos-client\1.1.1\nacos-client-1.1.1.jar;A:\Apache\apache-maven-3.5.4-bin\repository\com\alibaba\nacos\nacos-common\1.1.1\nacos-common-1.1.1.jar;A:\Apache\apache-maven-3.5.4-bin\repository\commons-io\commons-io\2.2\commons-io-2.2.jar;A:\Apache\apache-maven-3.5.4-bin\repository\org\apache\commons\commons-lang3\3.9\commons-lang3-3.9.jar;A:\Apache\apache-maven-3.5.4-bin\repository\com\alibaba\nacos\nacos-api\1.1.1\nacos-api-1.1.1.jar;A:\Apache\apache-maven-3.5.4-bin\repository\com\alibaba\fastjson\1.2.47\fastjson-1.2.47.jar;A:\Apache\apache-maven-3.5.4-bin\repository\com\google\guava\guava\19.0\guava-19.0.jar;A:\Apache\apache-maven-3.5.4-bin\repository\commons-codec\commons-codec\1.13\commons-codec-1.13.jar;A:\Apache\apache-maven-3.5.4-bin\repository\io\prometheus\simpleclient\0.5.0\simpleclient-0.5.0.jar;A:\Apache\apache-maven-3.5.4-bin\repository\org\springframework\cloud\spring-cloud-commons\2.1.2.RELEASE\spring-cloud-commons-2.1.2.RELEASE.jar;A:\Apache\apache-maven-3.5.4-bin\repository\org\springframework\security\spring-security-crypto\5.2.2.RELEASE\spring-security-crypto-5.2.2.RELEASE.jar;A:\Apache\apache-maven-3.5.4-bin\repository\org\springframework\cloud\spring-cloud-context\2.1.2.RELEASE\spring-cloud-context-2.1.2.RELEASE.jar;A:\Apache\apache-maven-3.5.4-bin\repository\org\springframework\cloud\spring-cloud-starter-netflix-ribbon\2.1.2.RELEASE\spring-cloud-starter-netflix-ribbon-2.1.2.RELEASE.jar;A:\Apache\apache-maven-3.5.4-bin\repository\org\springframework\cloud\spring-cloud-starter\2.1.2.RELEASE\spring-cloud-starter-2.1.2.RELEASE.jar;A:\Apache\apache-maven-3.5.4-bin\repository\org\springframework\security\spring-security-rsa\1.0.7.RELEASE\spring-security-rsa-1.0.7.RELEASE.jar;A:\Apache\apache-maven-3.5.4-bin\repository\org\bouncycastle\bcpkix-jdk15on\1.60\bcpkix-jdk15on-1.60.jar;A:\Apache\apache-maven-3.5.4-bin\repository\org\bouncycastle\bcprov-jdk15on\1.60\bcprov-jdk15on-1.60.jar;A:\Apache\apache-maven-3.5.4-bin\repository\org\springframework\cloud\spring-cloud-netflix-ribbon\2.1.2.RELEASE\spring-cloud-netflix-ribbon-2.1.2.RELEASE.jar;A:\Apache\apache-maven-3.5.4-bin\repository\org\springframework\cloud\spring-cloud-netflix-archaius\2.1.2.RELEASE\spring-cloud-netflix-archaius-2.1.2.RELEASE.jar;A:\Apache\apache-maven-3.5.4-bin\repository\org\springframework\cloud\spring-cloud-starter-netflix-archaius\2.1.2.RELEASE\spring-cloud-starter-netflix-archaius-2.1.2.RELEASE.jar;A:\Apache\apache-maven-3.5.4-bin\repository\com\netflix\archaius\archaius-core\0.7.6\archaius-core-0.7.6.jar;A:\Apache\apache-maven-3.5.4-bin\repository\com\google\code\findbugs\jsr305\3.0.1\jsr305-3.0.1.jar;A:\Apache\apache-maven-3.5.4-bin\repository\commons-configuration\commons-configuration\1.8\commons-configuration-1.8.jar;A:\Apache\apache-maven-3.5.4-bin\repository\com\netflix\ribbon\ribbon\2.3.0\ribbon-2.3.0.jar;A:\Apache\apache-maven-3.5.4-bin\repository\com\netflix\ribbon\ribbon-transport\2.3.0\ribbon-transport-2.3.0.jar;A:\Apache\apache-maven-3.5.4-bin\repository\io\reactivex\rxnetty-contexts\0.4.9\rxnetty-contexts-0.4.9.jar;A:\Apache\apache-maven-3.5.4-bin\repository\io\reactivex\rxnetty-servo\0.4.9\rxnetty-servo-0.4.9.jar;A:\Apache\apache-maven-3.5.4-bin\repository\com\netflix\hystrix\hystrix-core\1.4.3\hystrix-core-1.4.3.jar;A:\Apache\apache-maven-3.5.4-bin\repository\javax\inject\javax.inject\1\javax.inject-1.jar;A:\Apache\apache-maven-3.5.4-bin\repository\io\reactivex\rxnetty\0.4.9\rxnetty-0.4.9.jar;A:\Apache\apache-maven-3.5.4-bin\repository\com\netflix\ribbon\ribbon-core\2.3.0\ribbon-core-2.3.0.jar;A:\Apache\apache-maven-3.5.4-bin\repository\com\netflix\ribbon\ribbon-httpclient\2.3.0\ribbon-httpclient-2.3.0.jar;A:\Apache\apache-maven-3.5.4-bin\repository\commons-collections\commons-collections\3.2.2\commons-collections-3.2.2.jar;A:\Apache\apache-maven-3.5.4-bin\repository\org\apache\httpcomponents\httpclient\4.5.12\httpclient-4.5.12.jar;A:\Apache\apache-maven-3.5.4-bin\repository\com\sun\jersey\jersey-client\1.19.1\jersey-client-1.19.1.jar;A:\Apache\apache-maven-3.5.4-bin\repository\com\sun\jersey\jersey-core\1.19.1\jersey-core-1.19.1.jar;A:\Apache\apache-maven-3.5.4-bin\repository\javax\ws\rs\jsr311-api\1.1.1\jsr311-api-1.1.1.jar;A:\Apache\apache-maven-3.5.4-bin\repository\com\sun\jersey\contribs\jersey-apache-client4\1.19.1\jersey-apache-client4-1.19.1.jar;A:\Apache\apache-maven-3.5.4-bin\repository\com\netflix\servo\servo-core\0.10.1\servo-core-0.10.1.jar;A:\Apache\apache-maven-3.5.4-bin\repository\com\netflix\servo\servo-internal\0.10.1\servo-internal-0.10.1.jar;A:\Apache\apache-maven-3.5.4-bin\repository\com\netflix\netflix-commons\netflix-commons-util\0.1.1\netflix-commons-util-0.1.1.jar;A:\Apache\apache-maven-3.5.4-bin\repository\com\netflix\ribbon\ribbon-loadbalancer\2.3.0\ribbon-loadbalancer-2.3.0.jar;A:\Apache\apache-maven-3.5.4-bin\repository\com\netflix\netflix-commons\netflix-statistics\0.1.1\netflix-statistics-0.1.1.jar;A:\Apache\apache-maven-3.5.4-bin\repository\io\reactivex\rxjava\1.3.8\rxjava-1.3.8.jar;A:\Apache\apache-maven-3.5.4-bin\repository\com\alibaba\cloud\spring-cloud-starter-alibaba-nacos-config\2.1.0.RELEASE\spring-cloud-starter-alibaba-nacos-config-2.1.0.RELEASE.jar;A:\Apache\apache-maven-3.5.4-bin\repository\com\alibaba\cloud\spring-cloud-alibaba-nacos-config\2.1.0.RELEASE\spring-cloud-alibaba-nacos-config-2.1.0.RELEASE.jar;A:\Apache\apache-maven-3.5.4-bin\repository\javax\validation\validation-api\2.0.1.Final\validation-api-2.0.1.Final.jar;A:\Apache\apache-maven-3.5.4-bin\repository\org\springframework\boot\spring-boot-starter-web\2.2.6.RELEASE\spring-boot-starter-web-2.2.6.RELEASE.jar;A:\Apache\apache-maven-3.5.4-bin\repository\org\springframework\boot\spring-boot-starter\2.2.6.RELEASE\spring-boot-starter-2.2.6.RELEASE.jar;A:\Apache\apache-maven-3.5.4-bin\repository\org\springframework\boot\spring-boot\2.2.6.RELEASE\spring-boot-2.2.6.RELEASE.jar;A:\Apache\apache-maven-3.5.4-bin\repository\org\springframework\boot\spring-boot-starter-logging\2.2.6.RELEASE\spring-boot-starter-logging-2.2.6.RELEASE.jar;A:\Apache\apache-maven-3.5.4-bin\repository\ch\qos\logback\logback-classic\1.2.3\logback-classic-1.2.3.jar;A:\Apache\apache-maven-3.5.4-bin\repository\ch\qos\logback\logback-core\1.2.3\logback-core-1.2.3.jar;A:\Apache\apache-maven-3.5.4-bin\repository\org\apache\logging\log4j\log4j-to-slf4j\2.12.1\log4j-to-slf4j-2.12.1.jar;A:\Apache\apache-maven-3.5.4-bin\repository\org\apache\logging\log4j\log4j-api\2.12.1\log4j-api-2.12.1.jar;A:\Apache\apache-maven-3.5.4-bin\repository\org\slf4j\jul-to-slf4j\1.7.30\jul-to-slf4j-1.7.30.jar;A:\Apache\apache-maven-3.5.4-bin\repository\jakarta\annotation\jakarta.annotation-api\1.3.5\jakarta.annotation-api-1.3.5.jar;A:\Apache\apache-maven-3.5.4-bin\repository\org\yaml\snakeyaml\1.25\snakeyaml-1.25.jar;A:\Apache\apache-maven-3.5.4-bin\repository\org\springframework\boot\spring-boot-starter-json\2.2.6.RELEASE\spring-boot-starter-json-2.2.6.RELEASE.jar;A:\Apache\apache-maven-3.5.4-bin\repository\com\fasterxml\jackson\core\jackson-databind\2.10.3\jackson-databind-2.10.3.jar;A:\Apache\apache-maven-3.5.4-bin\repository\com\fasterxml\jackson\core\jackson-annotations\2.10.3\jackson-annotations-2.10.3.jar;A:\Apache\apache-maven-3.5.4-bin\repository\com\fasterxml\jackson\core\jackson-core\2.10.3\jackson-core-2.10.3.jar;A:\Apache\apache-maven-3.5.4-bin\repository\com\fasterxml\jackson\datatype\jackson-datatype-jdk8\2.10.3\jackson-datatype-jdk8-2.10.3.jar;A:\Apache\apache-maven-3.5.4-bin\repository\com\fasterxml\jackson\datatype\jackson-datatype-jsr310\2.10.3\jackson-datatype-jsr310-2.10.3.jar;A:\Apache\apache-maven-3.5.4-bin\repository\com\fasterxml\jackson\module\jackson-module-parameter-names\2.10.3\jackson-module-parameter-names-2.10.3.jar;A:\Apache\apache-maven-3.5.4-bin\repository\org\springframework\boot\spring-boot-starter-tomcat\2.2.6.RELEASE\spring-boot-starter-tomcat-2.2.6.RELEASE.jar;A:\Apache\apache-maven-3.5.4-bin\repository\org\apache\tomcat\embed\tomcat-embed-core\9.0.33\tomcat-embed-core-9.0.33.jar;A:\Apache\apache-maven-3.5.4-bin\repository\org\apache\tomcat\embed\tomcat-embed-el\9.0.33\tomcat-embed-el-9.0.33.jar;A:\Apache\apache-maven-3.5.4-bin\repository\org\apache\tomcat\embed\tomcat-embed-websocket\9.0.33\tomcat-embed-websocket-9.0.33.jar;A:\Apache\apache-maven-3.5.4-bin\repository\org\springframework\boot\spring-boot-starter-validation\2.2.6.RELEASE\spring-boot-starter-validation-2.2.6.RELEASE.jar;A:\Apache\apache-maven-3.5.4-bin\repository\jakarta\validation\jakarta.validation-api\2.0.2\jakarta.validation-api-2.0.2.jar;A:\Apache\apache-maven-3.5.4-bin\repository\org\hibernate\validator\hibernate-validator\6.0.18.Final\hibernate-validator-6.0.18.Final.jar;A:\Apache\apache-maven-3.5.4-bin\repository\org\jboss\logging\jboss-logging\3.4.1.Final\jboss-logging-3.4.1.Final.jar;A:\Apache\apache-maven-3.5.4-bin\repository\com\fasterxml\classmate\1.5.1\classmate-1.5.1.jar;A:\Apache\apache-maven-3.5.4-bin\repository\org\springframework\spring-web\5.2.5.RELEASE\spring-web-5.2.5.RELEASE.jar;A:\Apache\apache-maven-3.5.4-bin\repository\org\springframework\spring-beans\5.2.5.RELEASE\spring-beans-5.2.5.RELEASE.jar;A:\Apache\apache-maven-3.5.4-bin\repository\org\springframework\spring-webmvc\5.2.5.RELEASE\spring-webmvc-5.2.5.RELEASE.jar;A:\Apache\apache-maven-3.5.4-bin\repository\org\springframework\spring-aop\5.2.5.RELEASE\spring-aop-5.2.5.RELEASE.jar;A:\Apache\apache-maven-3.5.4-bin\repository\org\springframework\spring-context\5.2.5.RELEASE\spring-context-5.2.5.RELEASE.jar;A:\Apache\apache-maven-3.5.4-bin\repository\org\springframework\spring-expression\5.2.5.RELEASE\spring-expression-5.2.5.RELEASE.jar;A:\Apache\apache-maven-3.5.4-bin\repository\org\springframework\boot\spring-boot-starter-test\2.2.6.RELEASE\spring-boot-starter-test-2.2.6.RELEASE.jar;A:\Apache\apache-maven-3.5.4-bin\repository\org\springframework\boot\spring-boot-test\2.2.6.RELEASE\spring-boot-test-2.2.6.RELEASE.jar;A:\Apache\apache-maven-3.5.4-bin\repository\org\springframework\boot\spring-boot-test-autoconfigure\2.2.6.RELEASE\spring-boot-test-autoconfigure-2.2.6.RELEASE.jar;A:\Apache\apache-maven-3.5.4-bin\repository\com\jayway\jsonpath\json-path\2.4.0\json-path-2.4.0.jar;A:\Apache\apache-maven-3.5.4-bin\repository\net\minidev\json-smart\2.3\json-smart-2.3.jar;A:\Apache\apache-maven-3.5.4-bin\repository\net\minidev\accessors-smart\1.2\accessors-smart-1.2.jar;A:\Apache\apache-maven-3.5.4-bin\repository\org\ow2\asm\asm\5.0.4\asm-5.0.4.jar;A:\Apache\apache-maven-3.5.4-bin\repository\org\slf4j\slf4j-api\1.7.30\slf4j-api-1.7.30.jar;A:\Apache\apache-maven-3.5.4-bin\repository\jakarta\xml\bind\jakarta.xml.bind-api\2.3.3\jakarta.xml.bind-api-2.3.3.jar;A:\Apache\apache-maven-3.5.4-bin\repository\jakarta\activation\jakarta.activation-api\1.2.2\jakarta.activation-api-1.2.2.jar;A:\Apache\apache-maven-3.5.4-bin\repository\org\junit\jupiter\junit-jupiter\5.5.2\junit-jupiter-5.5.2.jar;A:\Apache\apache-maven-3.5.4-bin\repository\org\junit\jupiter\junit-jupiter-api\5.5.2\junit-jupiter-api-5.5.2.jar;A:\Apache\apache-maven-3.5.4-bin\repository\org\opentest4j\opentest4j\1.2.0\opentest4j-1.2.0.jar;A:\Apache\apache-maven-3.5.4-bin\repository\org\junit\platform\junit-platform-commons\1.5.2\junit-platform-commons-1.5.2.jar;A:\Apache\apache-maven-3.5.4-bin\repository\org\junit\jupiter\junit-jupiter-params\5.5.2\junit-jupiter-params-5.5.2.jar;A:\Apache\apache-maven-3.5.4-bin\repository\org\junit\jupiter\junit-jupiter-engine\5.5.2\junit-jupiter-engine-5.5.2.jar;A:\Apache\apache-maven-3.5.4-bin\repository\org\junit\vintage\junit-vintage-engine\5.5.2\junit-vintage-engine-5.5.2.jar;A:\Apache\apache-maven-3.5.4-bin\repository\org\apiguardian\apiguardian-api\1.1.0\apiguardian-api-1.1.0.jar;A:\Apache\apache-maven-3.5.4-bin\repository\org\junit\platform\junit-platform-engine\1.5.2\junit-platform-engine-1.5.2.jar;A:\Apache\apache-maven-3.5.4-bin\repository\junit\junit\4.12\junit-4.12.jar;A:\Apache\apache-maven-3.5.4-bin\repository\org\mockito\mockito-junit-jupiter\3.1.0\mockito-junit-jupiter-3.1.0.jar;A:\Apache\apache-maven-3.5.4-bin\repository\org\assertj\assertj-core\3.13.2\assertj-core-3.13.2.jar;A:\Apache\apache-maven-3.5.4-bin\repository\org\hamcrest\hamcrest\2.1\hamcrest-2.1.jar;A:\Apache\apache-maven-3.5.4-bin\repository\org\mockito\mockito-core\3.1.0\mockito-core-3.1.0.jar;A:\Apache\apache-maven-3.5.4-bin\repository\net\bytebuddy\byte-buddy\1.10.8\byte-buddy-1.10.8.jar;A:\Apache\apache-maven-3.5.4-bin\repository\net\bytebuddy\byte-buddy-agent\1.10.8\byte-buddy-agent-1.10.8.jar;A:\Apache\apache-maven-3.5.4-bin\repository\org\objenesis\objenesis\2.6\objenesis-2.6.jar;A:\Apache\apache-maven-3.5.4-bin\repository\org\skyscreamer\jsonassert\1.5.0\jsonassert-1.5.0.jar;A:\Apache\apache-maven-3.5.4-bin\repository\com\vaadin\external\google\android-json\0.0.20131108.vaadin1\android-json-0.0.20131108.vaadin1.jar;A:\Apache\apache-maven-3.5.4-bin\repository\org\springframework\spring-core\5.2.5.RELEASE\spring-core-5.2.5.RELEASE.jar;A:\Apache\apache-maven-3.5.4-bin\repository\org\springframework\spring-jcl\5.2.5.RELEASE\spring-jcl-5.2.5.RELEASE.jar;A:\Apache\apache-maven-3.5.4-bin\repository\org\springframework\spring-test\5.2.5.RELEASE\spring-test-5.2.5.RELEASE.jar;A:\Apache\apache-maven-3.5.4-bin\repository\org\xmlunit\xmlunit-core\2.6.4\xmlunit-core-2.6.4.jar;"/>
    <property name="java.vm.vendor" value="Oracle Corporation"/>
    <property name="sun.arch.data.model" value="64"/>
    <property name="user.variant" value=""/>
    <property name="java.vendor.url" value="http://java.oracle.com/"/>
    <property name="user.timezone" value="Asia/Shanghai"/>
    <property name="java.vm.specification.version" value="1.8"/>
    <property name="os.name" value="Windows 10"/>
    <property name="user.country" value="CN"/>
    <property name="sun.java.launcher" value="SUN_STANDARD"/>
    <property name="sun.boot.library.path" value="C:\Program Files\Java\jdk1.8.0_141\jre\bin"/>
    <property name="sun.java.command" value="C:\Users\daiha\AppData\Local\Temp\surefire5009424945910641390\surefirebooter1756962602069434861.jar C:\Users\daiha\AppData\Local\Temp\surefire5009424945910641390 2020-04-15T22-22-34_745-jvmRun1 surefire7311053308585890585tmp surefire_06569021854026814435tmp"/>
    <property name="surefire.test.class.path" value="D:\IDEWork\MyMall\mall-product\target\test-classes;D:\IDEWork\MyMall\mall-product\target\classes;A:\Apache\apache-maven-3.5.4-bin\repository\com\daihao\mall\mall-common\0.0.1-SNAPSHOT\mall-common-0.0.1-SNAPSHOT.jar;A:\Apache\apache-maven-3.5.4-bin\repository\com\baomidou\mybatis-plus-boot-starter\3.2.0\mybatis-plus-boot-starter-3.2.0.jar;A:\Apache\apache-maven-3.5.4-bin\repository\com\baomidou\mybatis-plus\3.2.0\mybatis-plus-3.2.0.jar;A:\Apache\apache-maven-3.5.4-bin\repository\com\baomidou\mybatis-plus-extension\3.2.0\mybatis-plus-extension-3.2.0.jar;A:\Apache\apache-maven-3.5.4-bin\repository\com\baomidou\mybatis-plus-core\3.2.0\mybatis-plus-core-3.2.0.jar;A:\Apache\apache-maven-3.5.4-bin\repository\com\baomidou\mybatis-plus-annotation\3.2.0\mybatis-plus-annotation-3.2.0.jar;A:\Apache\apache-maven-3.5.4-bin\repository\com\github\jsqlparser\jsqlparser\2.1\jsqlparser-2.1.jar;A:\Apache\apache-maven-3.5.4-bin\repository\org\mybatis\mybatis\3.5.2\mybatis-3.5.2.jar;A:\Apache\apache-maven-3.5.4-bin\repository\org\mybatis\mybatis-spring\2.0.2\mybatis-spring-2.0.2.jar;A:\Apache\apache-maven-3.5.4-bin\repository\org\springframework\boot\spring-boot-autoconfigure\2.2.6.RELEASE\spring-boot-autoconfigure-2.2.6.RELEASE.jar;A:\Apache\apache-maven-3.5.4-bin\repository\org\springframework\boot\spring-boot-starter-jdbc\2.2.6.RELEASE\spring-boot-starter-jdbc-2.2.6.RELEASE.jar;A:\Apache\apache-maven-3.5.4-bin\repository\com\zaxxer\HikariCP\3.4.2\HikariCP-3.4.2.jar;A:\Apache\apache-maven-3.5.4-bin\repository\org\springframework\spring-jdbc\5.2.5.RELEASE\spring-jdbc-5.2.5.RELEASE.jar;A:\Apache\apache-maven-3.5.4-bin\repository\org\springframework\spring-tx\5.2.5.RELEASE\spring-tx-5.2.5.RELEASE.jar;A:\Apache\apache-maven-3.5.4-bin\repository\org\projectlombok\lombok\1.18.12\lombok-1.18.12.jar;A:\Apache\apache-maven-3.5.4-bin\repository\org\apache\httpcomponents\httpcore\4.4.13\httpcore-4.4.13.jar;A:\Apache\apache-maven-3.5.4-bin\repository\commons-lang\commons-lang\2.6\commons-lang-2.6.jar;A:\Apache\apache-maven-3.5.4-bin\repository\mysql\mysql-connector-java\8.0.19\mysql-connector-java-8.0.19.jar;A:\Apache\apache-maven-3.5.4-bin\repository\com\alibaba\cloud\spring-cloud-starter-alibaba-nacos-discovery\2.1.0.RELEASE\spring-cloud-starter-alibaba-nacos-discovery-2.1.0.RELEASE.jar;A:\Apache\apache-maven-3.5.4-bin\repository\com\alibaba\cloud\spring-cloud-alibaba-nacos-discovery\2.1.0.RELEASE\spring-cloud-alibaba-nacos-discovery-2.1.0.RELEASE.jar;A:\Apache\apache-maven-3.5.4-bin\repository\com\alibaba\nacos\nacos-client\1.1.1\nacos-client-1.1.1.jar;A:\Apache\apache-maven-3.5.4-bin\repository\com\alibaba\nacos\nacos-common\1.1.1\nacos-common-1.1.1.jar;A:\Apache\apache-maven-3.5.4-bin\repository\commons-io\commons-io\2.2\commons-io-2.2.jar;A:\Apache\apache-maven-3.5.4-bin\repository\org\apache\commons\commons-lang3\3.9\commons-lang3-3.9.jar;A:\Apache\apache-maven-3.5.4-bin\repository\com\alibaba\nacos\nacos-api\1.1.1\nacos-api-1.1.1.jar;A:\Apache\apache-maven-3.5.4-bin\repository\com\alibaba\fastjson\1.2.47\fastjson-1.2.47.jar;A:\Apache\apache-maven-3.5.4-bin\repository\com\google\guava\guava\19.0\guava-19.0.jar;A:\Apache\apache-maven-3.5.4-bin\repository\commons-codec\commons-codec\1.13\commons-codec-1.13.jar;A:\Apache\apache-maven-3.5.4-bin\repository\io\prometheus\simpleclient\0.5.0\simpleclient-0.5.0.jar;A:\Apache\apache-maven-3.5.4-bin\repository\org\springframework\cloud\spring-cloud-commons\2.1.2.RELEASE\spring-cloud-commons-2.1.2.RELEASE.jar;A:\Apache\apache-maven-3.5.4-bin\repository\org\springframework\security\spring-security-crypto\5.2.2.RELEASE\spring-security-crypto-5.2.2.RELEASE.jar;A:\Apache\apache-maven-3.5.4-bin\repository\org\springframework\cloud\spring-cloud-context\2.1.2.RELEASE\spring-cloud-context-2.1.2.RELEASE.jar;A:\Apache\apache-maven-3.5.4-bin\repository\org\springframework\cloud\spring-cloud-starter-netflix-ribbon\2.1.2.RELEASE\spring-cloud-starter-netflix-ribbon-2.1.2.RELEASE.jar;A:\Apache\apache-maven-3.5.4-bin\repository\org\springframework\cloud\spring-cloud-starter\2.1.2.RELEASE\spring-cloud-starter-2.1.2.RELEASE.jar;A:\Apache\apache-maven-3.5.4-bin\repository\org\springframework\security\spring-security-rsa\1.0.7.RELEASE\spring-security-rsa-1.0.7.RELEASE.jar;A:\Apache\apache-maven-3.5.4-bin\repository\org\bouncycastle\bcpkix-jdk15on\1.60\bcpkix-jdk15on-1.60.jar;A:\Apache\apache-maven-3.5.4-bin\repository\org\bouncycastle\bcprov-jdk15on\1.60\bcprov-jdk15on-1.60.jar;A:\Apache\apache-maven-3.5.4-bin\repository\org\springframework\cloud\spring-cloud-netflix-ribbon\2.1.2.RELEASE\spring-cloud-netflix-ribbon-2.1.2.RELEASE.jar;A:\Apache\apache-maven-3.5.4-bin\repository\org\springframework\cloud\spring-cloud-netflix-archaius\2.1.2.RELEASE\spring-cloud-netflix-archaius-2.1.2.RELEASE.jar;A:\Apache\apache-maven-3.5.4-bin\repository\org\springframework\cloud\spring-cloud-starter-netflix-archaius\2.1.2.RELEASE\spring-cloud-starter-netflix-archaius-2.1.2.RELEASE.jar;A:\Apache\apache-maven-3.5.4-bin\repository\com\netflix\archaius\archaius-core\0.7.6\archaius-core-0.7.6.jar;A:\Apache\apache-maven-3.5.4-bin\repository\com\google\code\findbugs\jsr305\3.0.1\jsr305-3.0.1.jar;A:\Apache\apache-maven-3.5.4-bin\repository\commons-configuration\commons-configuration\1.8\commons-configuration-1.8.jar;A:\Apache\apache-maven-3.5.4-bin\repository\com\netflix\ribbon\ribbon\2.3.0\ribbon-2.3.0.jar;A:\Apache\apache-maven-3.5.4-bin\repository\com\netflix\ribbon\ribbon-transport\2.3.0\ribbon-transport-2.3.0.jar;A:\Apache\apache-maven-3.5.4-bin\repository\io\reactivex\rxnetty-contexts\0.4.9\rxnetty-contexts-0.4.9.jar;A:\Apache\apache-maven-3.5.4-bin\repository\io\reactivex\rxnetty-servo\0.4.9\rxnetty-servo-0.4.9.jar;A:\Apache\apache-maven-3.5.4-bin\repository\com\netflix\hystrix\hystrix-core\1.4.3\hystrix-core-1.4.3.jar;A:\Apache\apache-maven-3.5.4-bin\repository\javax\inject\javax.inject\1\javax.inject-1.jar;A:\Apache\apache-maven-3.5.4-bin\repository\io\reactivex\rxnetty\0.4.9\rxnetty-0.4.9.jar;A:\Apache\apache-maven-3.5.4-bin\repository\com\netflix\ribbon\ribbon-core\2.3.0\ribbon-core-2.3.0.jar;A:\Apache\apache-maven-3.5.4-bin\repository\com\netflix\ribbon\ribbon-httpclient\2.3.0\ribbon-httpclient-2.3.0.jar;A:\Apache\apache-maven-3.5.4-bin\repository\commons-collections\commons-collections\3.2.2\commons-collections-3.2.2.jar;A:\Apache\apache-maven-3.5.4-bin\repository\org\apache\httpcomponents\httpclient\4.5.12\httpclient-4.5.12.jar;A:\Apache\apache-maven-3.5.4-bin\repository\com\sun\jersey\jersey-client\1.19.1\jersey-client-1.19.1.jar;A:\Apache\apache-maven-3.5.4-bin\repository\com\sun\jersey\jersey-core\1.19.1\jersey-core-1.19.1.jar;A:\Apache\apache-maven-3.5.4-bin\repository\javax\ws\rs\jsr311-api\1.1.1\jsr311-api-1.1.1.jar;A:\Apache\apache-maven-3.5.4-bin\repository\com\sun\jersey\contribs\jersey-apache-client4\1.19.1\jersey-apache-client4-1.19.1.jar;A:\Apache\apache-maven-3.5.4-bin\repository\com\netflix\servo\servo-core\0.10.1\servo-core-0.10.1.jar;A:\Apache\apache-maven-3.5.4-bin\repository\com\netflix\servo\servo-internal\0.10.1\servo-internal-0.10.1.jar;A:\Apache\apache-maven-3.5.4-bin\repository\com\netflix\netflix-commons\netflix-commons-util\0.1.1\netflix-commons-util-0.1.1.jar;A:\Apache\apache-maven-3.5.4-bin\repository\com\netflix\ribbon\ribbon-loadbalancer\2.3.0\ribbon-loadbalancer-2.3.0.jar;A:\Apache\apache-maven-3.5.4-bin\repository\com\netflix\netflix-commons\netflix-statistics\0.1.1\netflix-statistics-0.1.1.jar;A:\Apache\apache-maven-3.5.4-bin\repository\io\reactivex\rxjava\1.3.8\rxjava-1.3.8.jar;A:\Apache\apache-maven-3.5.4-bin\repository\com\alibaba\cloud\spring-cloud-starter-alibaba-nacos-config\2.1.0.RELEASE\spring-cloud-starter-alibaba-nacos-config-2.1.0.RELEASE.jar;A:\Apache\apache-maven-3.5.4-bin\repository\com\alibaba\cloud\spring-cloud-alibaba-nacos-config\2.1.0.RELEASE\spring-cloud-alibaba-nacos-config-2.1.0.RELEASE.jar;A:\Apache\apache-maven-3.5.4-bin\repository\javax\validation\validation-api\2.0.1.Final\validation-api-2.0.1.Final.jar;A:\Apache\apache-maven-3.5.4-bin\repository\org\springframework\boot\spring-boot-starter-web\2.2.6.RELEASE\spring-boot-starter-web-2.2.6.RELEASE.jar;A:\Apache\apache-maven-3.5.4-bin\repository\org\springframework\boot\spring-boot-starter\2.2.6.RELEASE\spring-boot-starter-2.2.6.RELEASE.jar;A:\Apache\apache-maven-3.5.4-bin\repository\org\springframework\boot\spring-boot\2.2.6.RELEASE\spring-boot-2.2.6.RELEASE.jar;A:\Apache\apache-maven-3.5.4-bin\repository\org\springframework\boot\spring-boot-starter-logging\2.2.6.RELEASE\spring-boot-starter-logging-2.2.6.RELEASE.jar;A:\Apache\apache-maven-3.5.4-bin\repository\ch\qos\logback\logback-classic\1.2.3\logback-classic-1.2.3.jar;A:\Apache\apache-maven-3.5.4-bin\repository\ch\qos\logback\logback-core\1.2.3\logback-core-1.2.3.jar;A:\Apache\apache-maven-3.5.4-bin\repository\org\apache\logging\log4j\log4j-to-slf4j\2.12.1\log4j-to-slf4j-2.12.1.jar;A:\Apache\apache-maven-3.5.4-bin\repository\org\apache\logging\log4j\log4j-api\2.12.1\log4j-api-2.12.1.jar;A:\Apache\apache-maven-3.5.4-bin\repository\org\slf4j\jul-to-slf4j\1.7.30\jul-to-slf4j-1.7.30.jar;A:\Apache\apache-maven-3.5.4-bin\repository\jakarta\annotation\jakarta.annotation-api\1.3.5\jakarta.annotation-api-1.3.5.jar;A:\Apache\apache-maven-3.5.4-bin\repository\org\yaml\snakeyaml\1.25\snakeyaml-1.25.jar;A:\Apache\apache-maven-3.5.4-bin\repository\org\springframework\boot\spring-boot-starter-json\2.2.6.RELEASE\spring-boot-starter-json-2.2.6.RELEASE.jar;A:\Apache\apache-maven-3.5.4-bin\repository\com\fasterxml\jackson\core\jackson-databind\2.10.3\jackson-databind-2.10.3.jar;A:\Apache\apache-maven-3.5.4-bin\repository\com\fasterxml\jackson\core\jackson-annotations\2.10.3\jackson-annotations-2.10.3.jar;A:\Apache\apache-maven-3.5.4-bin\repository\com\fasterxml\jackson\core\jackson-core\2.10.3\jackson-core-2.10.3.jar;A:\Apache\apache-maven-3.5.4-bin\repository\com\fasterxml\jackson\datatype\jackson-datatype-jdk8\2.10.3\jackson-datatype-jdk8-2.10.3.jar;A:\Apache\apache-maven-3.5.4-bin\repository\com\fasterxml\jackson\datatype\jackson-datatype-jsr310\2.10.3\jackson-datatype-jsr310-2.10.3.jar;A:\Apache\apache-maven-3.5.4-bin\repository\com\fasterxml\jackson\module\jackson-module-parameter-names\2.10.3\jackson-module-parameter-names-2.10.3.jar;A:\Apache\apache-maven-3.5.4-bin\repository\org\springframework\boot\spring-boot-starter-tomcat\2.2.6.RELEASE\spring-boot-starter-tomcat-2.2.6.RELEASE.jar;A:\Apache\apache-maven-3.5.4-bin\repository\org\apache\tomcat\embed\tomcat-embed-core\9.0.33\tomcat-embed-core-9.0.33.jar;A:\Apache\apache-maven-3.5.4-bin\repository\org\apache\tomcat\embed\tomcat-embed-el\9.0.33\tomcat-embed-el-9.0.33.jar;A:\Apache\apache-maven-3.5.4-bin\repository\org\apache\tomcat\embed\tomcat-embed-websocket\9.0.33\tomcat-embed-websocket-9.0.33.jar;A:\Apache\apache-maven-3.5.4-bin\repository\org\springframework\boot\spring-boot-starter-validation\2.2.6.RELEASE\spring-boot-starter-validation-2.2.6.RELEASE.jar;A:\Apache\apache-maven-3.5.4-bin\repository\jakarta\validation\jakarta.validation-api\2.0.2\jakarta.validation-api-2.0.2.jar;A:\Apache\apache-maven-3.5.4-bin\repository\org\hibernate\validator\hibernate-validator\6.0.18.Final\hibernate-validator-6.0.18.Final.jar;A:\Apache\apache-maven-3.5.4-bin\repository\org\jboss\logging\jboss-logging\3.4.1.Final\jboss-logging-3.4.1.Final.jar;A:\Apache\apache-maven-3.5.4-bin\repository\com\fasterxml\classmate\1.5.1\classmate-1.5.1.jar;A:\Apache\apache-maven-3.5.4-bin\repository\org\springframework\spring-web\5.2.5.RELEASE\spring-web-5.2.5.RELEASE.jar;A:\Apache\apache-maven-3.5.4-bin\repository\org\springframework\spring-beans\5.2.5.RELEASE\spring-beans-5.2.5.RELEASE.jar;A:\Apache\apache-maven-3.5.4-bin\repository\org\springframework\spring-webmvc\5.2.5.RELEASE\spring-webmvc-5.2.5.RELEASE.jar;A:\Apache\apache-maven-3.5.4-bin\repository\org\springframework\spring-aop\5.2.5.RELEASE\spring-aop-5.2.5.RELEASE.jar;A:\Apache\apache-maven-3.5.4-bin\repository\org\springframework\spring-context\5.2.5.RELEASE\spring-context-5.2.5.RELEASE.jar;A:\Apache\apache-maven-3.5.4-bin\repository\org\springframework\spring-expression\5.2.5.RELEASE\spring-expression-5.2.5.RELEASE.jar;A:\Apache\apache-maven-3.5.4-bin\repository\org\springframework\boot\spring-boot-starter-test\2.2.6.RELEASE\spring-boot-starter-test-2.2.6.RELEASE.jar;A:\Apache\apache-maven-3.5.4-bin\repository\org\springframework\boot\spring-boot-test\2.2.6.RELEASE\spring-boot-test-2.2.6.RELEASE.jar;A:\Apache\apache-maven-3.5.4-bin\repository\org\springframework\boot\spring-boot-test-autoconfigure\2.2.6.RELEASE\spring-boot-test-autoconfigure-2.2.6.RELEASE.jar;A:\Apache\apache-maven-3.5.4-bin\repository\com\jayway\jsonpath\json-path\2.4.0\json-path-2.4.0.jar;A:\Apache\apache-maven-3.5.4-bin\repository\net\minidev\json-smart\2.3\json-smart-2.3.jar;A:\Apache\apache-maven-3.5.4-bin\repository\net\minidev\accessors-smart\1.2\accessors-smart-1.2.jar;A:\Apache\apache-maven-3.5.4-bin\repository\org\ow2\asm\asm\5.0.4\asm-5.0.4.jar;A:\Apache\apache-maven-3.5.4-bin\repository\org\slf4j\slf4j-api\1.7.30\slf4j-api-1.7.30.jar;A:\Apache\apache-maven-3.5.4-bin\repository\jakarta\xml\bind\jakarta.xml.bind-api\2.3.3\jakarta.xml.bind-api-2.3.3.jar;A:\Apache\apache-maven-3.5.4-bin\repository\jakarta\activation\jakarta.activation-api\1.2.2\jakarta.activation-api-1.2.2.jar;A:\Apache\apache-maven-3.5.4-bin\repository\org\junit\jupiter\junit-jupiter\5.5.2\junit-jupiter-5.5.2.jar;A:\Apache\apache-maven-3.5.4-bin\repository\org\junit\jupiter\junit-jupiter-api\5.5.2\junit-jupiter-api-5.5.2.jar;A:\Apache\apache-maven-3.5.4-bin\repository\org\opentest4j\opentest4j\1.2.0\opentest4j-1.2.0.jar;A:\Apache\apache-maven-3.5.4-bin\repository\org\junit\platform\junit-platform-commons\1.5.2\junit-platform-commons-1.5.2.jar;A:\Apache\apache-maven-3.5.4-bin\repository\org\junit\jupiter\junit-jupiter-params\5.5.2\junit-jupiter-params-5.5.2.jar;A:\Apache\apache-maven-3.5.4-bin\repository\org\junit\jupiter\junit-jupiter-engine\5.5.2\junit-jupiter-engine-5.5.2.jar;A:\Apache\apache-maven-3.5.4-bin\repository\org\junit\vintage\junit-vintage-engine\5.5.2\junit-vintage-engine-5.5.2.jar;A:\Apache\apache-maven-3.5.4-bin\repository\org\apiguardian\apiguardian-api\1.1.0\apiguardian-api-1.1.0.jar;A:\Apache\apache-maven-3.5.4-bin\repository\org\junit\platform\junit-platform-engine\1.5.2\junit-platform-engine-1.5.2.jar;A:\Apache\apache-maven-3.5.4-bin\repository\junit\junit\4.12\junit-4.12.jar;A:\Apache\apache-maven-3.5.4-bin\repository\org\mockito\mockito-junit-jupiter\3.1.0\mockito-junit-jupiter-3.1.0.jar;A:\Apache\apache-maven-3.5.4-bin\repository\org\assertj\assertj-core\3.13.2\assertj-core-3.13.2.jar;A:\Apache\apache-maven-3.5.4-bin\repository\org\hamcrest\hamcrest\2.1\hamcrest-2.1.jar;A:\Apache\apache-maven-3.5.4-bin\repository\org\mockito\mockito-core\3.1.0\mockito-core-3.1.0.jar;A:\Apache\apache-maven-3.5.4-bin\repository\net\bytebuddy\byte-buddy\1.10.8\byte-buddy-1.10.8.jar;A:\Apache\apache-maven-3.5.4-bin\repository\net\bytebuddy\byte-buddy-agent\1.10.8\byte-buddy-agent-1.10.8.jar;A:\Apache\apache-maven-3.5.4-bin\repository\org\objenesis\objenesis\2.6\objenesis-2.6.jar;A:\Apache\apache-maven-3.5.4-bin\repository\org\skyscreamer\jsonassert\1.5.0\jsonassert-1.5.0.jar;A:\Apache\apache-maven-3.5.4-bin\repository\com\vaadin\external\google\android-json\0.0.20131108.vaadin1\android-json-0.0.20131108.vaadin1.jar;A:\Apache\apache-maven-3.5.4-bin\repository\org\springframework\spring-core\5.2.5.RELEASE\spring-core-5.2.5.RELEASE.jar;A:\Apache\apache-maven-3.5.4-bin\repository\org\springframework\spring-jcl\5.2.5.RELEASE\spring-jcl-5.2.5.RELEASE.jar;A:\Apache\apache-maven-3.5.4-bin\repository\org\springframework\spring-test\5.2.5.RELEASE\spring-test-5.2.5.RELEASE.jar;A:\Apache\apache-maven-3.5.4-bin\repository\org\xmlunit\xmlunit-core\2.6.4\xmlunit-core-2.6.4.jar;"/>
    <property name="sun.cpu.endian" value="little"/>
    <property name="user.home" value="C:\Users\daiha"/>
    <property name="user.language" value="zh"/>
    <property name="java.specification.vendor" value="Oracle Corporation"/>
    <property name="java.home" value="C:\Program Files\Java\jdk1.8.0_141\jre"/>
    <property name="basedir" value="D:\IDEWork\MyMall\mall-product"/>
    <property name="file.separator" value="\"/>
    <property name="line.separator" value="&#10;"/>
    <property name="java.vm.specification.vendor" value="Oracle Corporation"/>
    <property name="java.specification.name" value="Java Platform API Specification"/>
    <property name="java.awt.graphicsenv" value="sun.awt.Win32GraphicsEnvironment"/>
    <property name="surefire.real.class.path" value="C:\Users\daiha\AppData\Local\Temp\surefire5009424945910641390\surefirebooter1756962602069434861.jar"/>
    <property name="sun.boot.class.path" value="C:\Program Files\Java\jdk1.8.0_141\jre\lib\resources.jar;C:\Program Files\Java\jdk1.8.0_141\jre\lib\rt.jar;C:\Program Files\Java\jdk1.8.0_141\jre\lib\sunrsasign.jar;C:\Program Files\Java\jdk1.8.0_141\jre\lib\jsse.jar;C:\Program Files\Java\jdk1.8.0_141\jre\lib\jce.jar;C:\Program Files\Java\jdk1.8.0_141\jre\lib\charsets.jar;C:\Program Files\Java\jdk1.8.0_141\jre\lib\jfr.jar;C:\Program Files\Java\jdk1.8.0_141\jre\classes"/>
    <property name="user.script" value=""/>
    <property name="sun.management.compiler" value="HotSpot 64-Bit Tiered Compilers"/>
    <property name="java.runtime.version" value="1.8.0_141-b15"/>
    <property name="user.name" value="DAIHAO"/>
    <property name="path.separator" value=";"/>
    <property name="os.version" value="10.0"/>
    <property name="java.endorsed.dirs" value="C:\Program Files\Java\jdk1.8.0_141\jre\lib\endorsed"/>
    <property name="java.runtime.name" value="Java(TM) SE Runtime Environment"/>
    <property name="file.encoding" value="GBK"/>
    <property name="java.vm.name" value="Java HotSpot(TM) 64-Bit Server VM"/>
    <property name="localRepository" value="A:\Apache\apache-maven-3.5.4-bin\repository"/>
    <property name="java.vendor.url.bug" value="http://bugreport.sun.com/bugreport/"/>
    <property name="java.io.tmpdir" value="C:\Users\daiha\AppData\Local\Temp\"/>
    <property name="java.version" value="1.8.0_141"/>
    <property name="user.dir" value="D:\IDEWork\MyMall\mall-product"/>
    <property name="os.arch" value="amd64"/>
    <property name="java.vm.specification.name" value="Java Virtual Machine Specification"/>
    <property name="java.awt.printerjob" value="sun.awt.windows.WPrinterJob"/>
    <property name="idea.version2019.3.1" value="true"/>
    <property name="sun.os.patch.level" value=""/>
    <property name="java.library.path" value="C:\Program Files\Java\jdk1.8.0_141\jre\bin;C:\Windows\Sun\Java\bin;C:\Windows\system32;C:\Windows;C:\Program Files\Java\jdk1.8.0_141\bin;A:\Apache\apache-maven-3.5.4-bin\apache-maven-3.5.4\bin;C:\Windows\system32\WBEM;C:\ProgramData\Oracle\Java\javapath;C:\Windows\system32;C:\Windows;C:\Windows\System32\Wbem;C:\Windows\System32\WindowsPowerShell\v1.0\;C:\Windows\System32\OpenSSH\;C:\Program Files (x86)\NVIDIA Corporation\PhysX\Common;C:\Program Files\NVIDIA Corporation\NVIDIA NvDLISR;C:\Program Files\Intel\WiFi\bin\;C:\Program Files\Common Files\Intel\WirelessCommon\;D:\MySQL\MySQL Server 5.5\bin;D:\Program Files (x86)\IntelliJ IDEA 2018.3.2\bin;A:\Program Files\Git\cmd;A:\Program Files\nodejs\node_modules;A:\Program Files\;C:\Users\daiha\AppData\Local\Programs\Python\Python38\Scripts\;C:\Users\daiha\AppData\Local\Programs\Python\Python38\;A:\软件\Bandizip\;C:\Users\daiha\AppData\Local\BypassRuntm;C:\Users\daiha\AppData\Local\GitHubDesktop\bin;A:\Program Files\nodejs\node_modules\npm;A:\Program Files\nodejs\node_modules;C:\Users\daiha\AppData\Roaming\npm;."/>
    <property name="java.vm.info" value="mixed mode"/>
    <property name="java.vendor" value="Oracle Corporation"/>
    <property name="java.vm.version" value="25.141-b15"/>
    <property name="java.ext.dirs" value="C:\Program Files\Java\jdk1.8.0_141\jre\lib\ext;C:\Windows\Sun\Java\lib\ext"/>
    <property name="sun.io.unicode.encoding" value="UnicodeLittle"/>
    <property name="maven.repo.local" value="A:\Apache\apache-maven-3.5.4-bin\repository"/>
    <property name="java.class.version" value="52.0"/>
  </properties>
  <testcase name="contextLoads" classname="com.daihao.mall.product.MallProductApplicationTests" time="1.366"/>
</testsuite>